\BOOKMARK [0][-]{chapter.1}{\376\377\000O\000\040\000Q\000U\000E\000\040\000\311\000\040\000O\000\040\000M\000A\000M\000E\000?}{}% 1
\BOOKMARK [1][-]{section.1.1}{\376\377\000I\000.\000\040\000O\000b\000j\000e\000t\000i\000v\000o}{chapter.1}% 2
\BOOKMARK [1][-]{section.1.2}{\376\377\000I\000I\000.\000\040\000C\000u\000s\000t\000o}{chapter.1}% 3
\BOOKMARK [1][-]{section.1.3}{\376\377\000I\000I\000I\000.\000\040\000S\000o\000f\000t\000w\000a\000r\000e\000\040\000e\000m\000\040\000f\000o\000r\000m\000a\000t\000o\000\040\000d\000e\000\040\000i\000m\000a\000g\000e\000m}{chapter.1}% 4
\BOOKMARK [1][-]{section.1.4}{\376\377\000I\000V\000.\000\040\000O\000b\000r\000a\000s\000\040\000d\000e\000r\000i\000v\000a\000t\000i\000v\000a\000s}{chapter.1}% 5
\BOOKMARK [1][-]{section.1.5}{\376\377\000V\000.\000\040\000M\000a\000i\000s\000\040\000i\000n\000f\000o\000r\000m\000a\000\347\000\365\000e\000s\000\040\000e\000\040\000c\000o\000n\000t\000a\000t\000o\000\040\000l\000e\000g\000a\000l}{chapter.1}% 6
\BOOKMARK [0][-]{chapter.2}{\376\377\000C\000O\000N\000F\000I\000G\000U\000R\000A\000N\000D\000O\000\040\000O\000\040\000M\000A\000M\000E\000\040\000P\000A\000R\000A\000\040\000S\000E\000R\000\040\000U\000S\000A\000D\000O\000\040\000P\000E\000L\000A\000\040\000P\000R\000I\000M\000E\000I\000R\000A\000\040\000V\000E\000Z}{}% 7
\BOOKMARK [1][-]{section.2.1}{\376\377\000U\000m\000a\000\040\000i\000n\000t\000r\000o\000d\000u\000\347\000\343\000o\000\040\000a\000o\000\040\000M\000A\000M\000E}{chapter.2}% 8
\BOOKMARK [1][-]{section.2.2}{\376\377\000O\000\040\000o\000b\000j\000e\000t\000i\000v\000o\000\040\000d\000o\000\040\000M\000A\000M\000E}{chapter.2}% 9
\BOOKMARK [1][-]{section.2.3}{\376\377\000O\000s\000\040\000s\000i\000s\000t\000e\000m\000a\000s\000\040\000e\000m\000u\000l\000a\000d\000o\000s\000\040\000p\000e\000l\000o\000\040\000M\000A\000M\000E}{chapter.2}% 10
\BOOKMARK [1][-]{section.2.4}{\376\377\000O\000s\000\040\000s\000i\000s\000t\000e\000m\000a\000s\000\040\000o\000p\000e\000r\000a\000c\000i\000o\000n\000a\000i\000s\000\040\000c\000o\000m\000p\000a\000t\000\355\000v\000e\000i\000s}{chapter.2}% 11
\BOOKMARK [1][-]{section.2.5}{\376\377\000R\000e\000q\000u\000i\000s\000i\000t\000o\000s\000\040\000d\000o\000\040\000s\000i\000s\000t\000e\000m\000a}{chapter.2}% 12
\BOOKMARK [1][-]{section.2.6}{\376\377\000I\000n\000s\000t\000a\000l\000a\000n\000d\000o\000\040\000o\000\040\000M\000A\000M\000E}{chapter.2}% 13
\BOOKMARK [1][-]{section.2.7}{\376\377\000C\000o\000m\000p\000i\000l\000a\000n\000d\000o\000\040\000o\000\040\000M\000A\000M\000E}{chapter.2}% 14
\BOOKMARK [1][-]{section.2.8}{\376\377\000C\000o\000m\000p\000i\000l\000a\000\347\000\343\000o\000\040\000c\000r\000u\000z\000a\000d\000a}{chapter.2}% 15
\BOOKMARK [0][-]{chapter.3}{\376\377\000N\000O\000\307\000\325\000E\000S\000\040\000G\000E\000R\000A\000I\000S\000\040\000D\000E\000\040\000U\000S\000O\000\040\000E\000\040\000C\000O\000N\000F\000I\000G\000U\000R\000A\000\307\000\303\000O\000\040\000D\000O\000\040\000M\000A\000M\000E}{}% 16
\BOOKMARK [1][-]{section.3.1}{\376\377\000U\000s\000a\000n\000d\000o\000\040\000o\000\040\000M\000A\000M\000E}{chapter.3}% 17
\BOOKMARK [1][-]{section.3.2}{\376\377\000T\000e\000c\000l\000a\000s\000\040\000j\000\341\000\040\000p\000r\000e\000d\000e\000f\000i\000n\000i\000d\000a\000s}{chapter.3}% 18
\BOOKMARK [1][-]{section.3.3}{\376\377\000O\000s\000\040\000m\000e\000n\000u\000s\000\040\000d\000o\000\040\000M\000A\000M\000E}{chapter.3}% 19
\BOOKMARK [1][-]{section.3.4}{\376\377\000I\000n\000t\000e\000r\000f\000a\000c\000e\000s}{chapter.3}% 20
\BOOKMARK [1][-]{section.3.5}{\376\377\000S\000o\000b\000r\000e\000\040\000R\000O\000M\000s\000\040\000e\000\040\000s\000e\000u\000s\000\040\000c\000o\000n\000j\000u\000n\000t\000o\000s}{chapter.3}% 21
\BOOKMARK [1][-]{section.3.6}{\376\377\000P\000r\000o\000b\000l\000e\000m\000a\000s\000\040\000c\000o\000m\000u\000n\000s\000\040\000e\000\040\000a\000l\000g\000u\000m\000a\000s\000\040\000p\000e\000r\000g\000u\000n\000t\000a\000s\000\040\000f\000r\000e\000q\000u\000e\000n\000t\000e\000s}{chapter.3}% 22
\BOOKMARK [0][-]{chapter.4}{\376\377\000C\000O\000N\000F\000I\000G\000U\000R\000A\000\307\000\325\000E\000S\000\040\000E\000\040\000O\000P\000\307\000\325\000E\000S\000\040\000D\000E\000\040\000L\000I\000N\000H\000A\000\040\000D\000E\000\040\000C\000O\000M\000A\000N\000D\000O}{}% 23
\BOOKMARK [1][-]{section.4.1}{\376\377\000O\000p\000\347\000\365\000e\000s\000\040\000u\000n\000i\000v\000e\000r\000s\000a\000i\000s\000\040\000d\000e\000\040\000l\000i\000n\000h\000a\000\040\000d\000e\000\040\000c\000o\000m\000a\000n\000d\000o}{chapter.4}% 24
\BOOKMARK [1][-]{section.4.2}{\376\377\000O\000p\000\347\000\365\000e\000s\000\040\000d\000e\000\040\000l\000i\000n\000h\000a\000\040\000d\000e\000\040\000c\000o\000m\000a\000n\000d\000o\000\040\000e\000s\000p\000e\000c\000\355\000f\000i\000c\000o\000s\000\040\000p\000a\000r\000a\000\040\000a\000\040\000v\000e\000r\000s\000\343\000o\000\040\000W\000i\000n\000d\000o\000w\000s}{chapter.4}% 25
\BOOKMARK [1][-]{section.4.3}{\376\377\000O\000p\000\347\000\365\000e\000s\000\040\000d\000e\000\040\000l\000i\000n\000h\000a\000\040\000d\000e\000\040\000c\000o\000m\000a\000n\000d\000o\000\040\000e\000s\000p\000e\000c\000\355\000f\000i\000c\000o\000s\000\040\000p\000a\000r\000a\000\040\000a\000\040\000v\000e\000r\000s\000\343\000o\000\040\000S\000D\000L}{chapter.4}% 26
\BOOKMARK [1][-]{section.4.4}{\376\377\000I\000n\000d\000i\000c\000e\000\040\000d\000a\000s\000\040\000o\000p\000\347\000\365\000e\000s\000\040\000d\000e\000\040\000l\000i\000n\000h\000a\000\040\000d\000e\000\040\000c\000o\000m\000a\000n\000d\000o}{chapter.4}% 27
\BOOKMARK [0][-]{chapter.5}{\376\377\000C\000O\000N\000F\000I\000G\000U\000R\000A\000\307\000\325\000E\000S\000\040\000A\000V\000A\000N\000\307\000A\000D\000A\000S}{}% 28
\BOOKMARK [1][-]{section.5.1}{\376\377\000M\000\372\000l\000t\000i\000p\000l\000o\000s\000\040\000a\000r\000q\000u\000i\000v\000o\000s\000\040\000d\000e\000\040\000c\000o\000n\000f\000i\000g\000u\000r\000a\000\347\000\343\000o}{chapter.5}% 29
\BOOKMARK [1][-]{section.5.2}{\376\377\000C\000o\000m\000o\000\040\000o\000\040\000M\000A\000M\000E\000\040\000l\000i\000d\000a\000\040\000c\000o\000m\000\040\000o\000\040\000c\000a\000m\000i\000n\000h\000o\000\040\000d\000o\000s\000\040\000a\000r\000q\000u\000i\000v\000o\000s}{chapter.5}% 30
\BOOKMARK [1][-]{section.5.3}{\376\377\000D\000e\000s\000a\000b\000i\000l\000i\000t\000a\000n\000d\000o\000\040\000o\000\040\000i\000n\000t\000e\000r\000r\000u\000p\000t\000o\000r\000\040\000d\000e\000\040\000c\000\342\000m\000b\000i\000o}{chapter.5}% 31
\BOOKMARK [1][-]{section.5.4}{\376\377\000E\000f\000e\000i\000t\000o\000s\000\040\000B\000G\000F\000X\000\040\000p\000a\000r\000a\000\040\000\050\000q\000u\000a\000s\000e\000\051\000\040\000t\000o\000d\000o\000\040\000m\000u\000n\000d\000o}{chapter.5}% 32
\BOOKMARK [1][-]{section.5.5}{\376\377\000O\000s\000\040\000e\000f\000e\000i\000t\000o\000s\000\040\000H\000L\000S\000L\000\040\000p\000a\000r\000a\000\040\000W\000i\000n\000d\000o\000w\000s}{chapter.5}% 33
\BOOKMARK [1][-]{section.5.6}{\376\377\000E\000f\000e\000i\000t\000o\000s\000\040\000G\000L\000S\000L\000\040\000p\000a\000r\000a\000\040\000*\000n\000i\000x\000,\000\040\000O\000S\000\040\000X\000\040\000e\000\040\000W\000i\000n\000d\000o\000w\000s}{chapter.5}% 34
\BOOKMARK [1][-]{section.5.7}{\376\377\000C\000o\000n\000t\000r\000o\000l\000a\000d\000o\000r\000e\000s\000\040\000e\000s\000t\000\341\000t\000i\000c\000o\000s\000\040\000d\000e\000\040\000I\000D\000s}{chapter.5}% 35
\BOOKMARK [0][-]{chapter.6}{\376\377\000O\000\040\000D\000E\000P\000U\000R\000A\000D\000O\000R\000\040\000D\000O\000\040\000M\000A\000M\000E}{}% 36
\BOOKMARK [1][-]{section.6.1}{\376\377\000C\000o\000m\000a\000n\000d\000o\000s\000\040\000g\000e\000r\000a\000i\000s\000\040\000d\000o\000\040\000d\000e\000p\000u\000r\000a\000d\000o\000r}{chapter.6}% 37
\BOOKMARK [1][-]{section.6.2}{\376\377\000C\000o\000m\000a\000n\000d\000o\000s\000\040\000p\000a\000r\000a\000\040\000a\000\040\000d\000e\000p\000u\000r\000a\000\347\000\343\000o\000\040\000d\000e\000\040\000M\000e\000m\000\363\000r\000i\000a}{chapter.6}% 38
\BOOKMARK [1][-]{section.6.3}{\376\377\000C\000o\000m\000a\000n\000d\000o\000s\000\040\000d\000e\000\040\000e\000x\000e\000c\000u\000\347\000\343\000o\000\040\000d\000o\000\040\000d\000e\000p\000u\000r\000a\000d\000o\000r}{chapter.6}% 39
\BOOKMARK [1][-]{section.6.4}{\376\377\000C\000o\000m\000a\000n\000d\000o\000s\000\040\000d\000e\000\040\000b\000r\000e\000a\000k\000p\000o\000i\000n\000t\000s\000\040\000d\000o\000\040\000d\000e\000p\000u\000r\000a\000d\000o\000r}{chapter.6}% 40
\BOOKMARK [1][-]{section.6.5}{\376\377\000C\000o\000m\000a\000n\000d\000o\000s\000\040\000w\000a\000t\000c\000h\000p\000o\000i\000n\000t\000\040\000d\000o\000\040\000d\000e\000p\000u\000r\000a\000d\000o\000r}{chapter.6}% 41
\BOOKMARK [1][-]{section.6.6}{\376\377\000C\000o\000m\000a\000n\000d\000o\000s\000\040\000r\000e\000g\000i\000s\000t\000e\000r\000p\000o\000i\000n\000t\000s\000\040\000d\000o\000\040\000d\000e\000p\000u\000r\000a\000d\000o\000r}{chapter.6}% 42
\BOOKMARK [1][-]{section.6.7}{\376\377\000C\000o\000m\000a\000n\000d\000o\000s\000\040\000d\000e\000\040\000a\000n\000o\000t\000a\000\347\000\343\000o\000\040\000d\000e\000\040\000c\000\363\000d\000i\000g\000o\000\040\000d\000o\000\040\000d\000e\000p\000u\000r\000a\000d\000o\000r}{chapter.6}% 43
\BOOKMARK [1][-]{section.6.8}{\376\377\000C\000o\000m\000a\000n\000d\000o\000s\000\040\000p\000a\000r\000a\000\040\000o\000\040\000d\000e\000p\000u\000r\000a\000d\000o\000r\000\040\000d\000e\000\040\000t\000r\000a\000p\000a\000\347\000a}{chapter.6}% 44
\BOOKMARK [1][-]{section.6.9}{\376\377\000C\000o\000m\000a\000n\000d\000o\000s\000\040\000p\000a\000r\000a\000\040\000d\000e\000p\000u\000r\000a\000\347\000\343\000o\000\040\000d\000e\000\040\000i\000m\000a\000g\000e\000m}{chapter.6}% 45
\BOOKMARK [1][-]{section.6.10}{\376\377\000G\000u\000i\000a\000\040\000d\000e\000\040\000e\000x\000p\000r\000e\000s\000s\000\365\000e\000s\000\040\000d\000o\000\040\000d\000e\000p\000u\000r\000a\000d\000o\000r}{chapter.6}% 46
\BOOKMARK [0][-]{chapter.7}{\376\377\000F\000E\000R\000R\000A\000M\000E\000N\000T\000A\000S\000\040\000A\000D\000I\000C\000I\000O\000N\000A\000I\000S\000\040\000D\000O\000\040\000M\000A\000M\000E}{}% 47
\BOOKMARK [1][-]{section.7.1}{\376\377\000I\000m\000g\000t\000o\000o\000l\000\040\000-\000\040\000U\000m\000a\000\040\000f\000e\000r\000r\000a\000m\000e\000n\000t\000a\000\040\000g\000e\000n\000\351\000r\000i\000c\000a\000\040\000d\000e\000\040\000m\000a\000n\000i\000p\000u\000l\000a\000\347\000\343\000o\000\040\000d\000e\000\040\000i\000m\000a\000g\000e\000n\000s\000\040\000p\000a\000r\000a\000\040\000o\000\040\000M\000A\000M\000E}{chapter.7}% 48
\BOOKMARK [1][-]{section.7.2}{\376\377\000U\000s\000a\000n\000d\000o\000\040\000o\000\040\000I\000m\000g\000t\000o\000o\000l}{chapter.7}% 49
\BOOKMARK [1][-]{section.7.3}{\376\377\000S\000u\000b\000c\000o\000m\000a\000n\000d\000o\000s\000\040\000d\000o\000\040\000I\000m\000g\000t\000o\000o\000l}{chapter.7}% 50
\BOOKMARK [1][-]{section.7.4}{\376\377\000F\000i\000l\000t\000r\000o\000s\000\040\000d\000o\000\040\000I\000m\000g\000t\000o\000o\000l}{chapter.7}% 51
\BOOKMARK [1][-]{section.7.5}{\376\377\000I\000n\000f\000o\000r\000m\000a\000\347\000\343\000o\000\040\000d\000e\000\040\000f\000o\000r\000m\000a\000t\000a\000\347\000\343\000o\000\040\000d\000o\000\040\000I\000m\000g\000t\000o\000o\000l}{chapter.7}% 52
\BOOKMARK [1][-]{section.7.6}{\376\377\000C\000a\000s\000t\000o\000o\000l\000\040\000-\000\040\000U\000m\000a\000\040\000f\000e\000r\000r\000a\000m\000e\000n\000t\000a\000\040\000g\000e\000n\000\351\000r\000i\000c\000a\000\040\000d\000e\000\040\000m\000a\000n\000i\000p\000u\000l\000a\000\347\000\343\000o\000\040\000d\000e\000\040\000i\000m\000a\000g\000e\000n\000s\000\040\000d\000e\000\040\000f\000i\000t\000a\000\040\000k\0007\000\040\000p\000a\000r\000a\000\040\000o\000\040\000M\000A\000M\000E}{chapter.7}% 53
\BOOKMARK [1][-]{section.7.7}{\376\377\000U\000s\000a\000n\000d\000o\000\040\000o\000\040\000C\000a\000s\000t\000o\000o\000l}{chapter.7}% 54
\BOOKMARK [1][-]{section.7.8}{\376\377\000F\000o\000r\000m\000a\000t\000o\000s\000\040\000c\000o\000m\000p\000a\000t\000\355\000v\000e\000l\000s}{chapter.7}% 55
\BOOKMARK [1][-]{section.7.9}{\376\377\000F\000l\000o\000p\000t\000o\000o\000l\000\040\000-\000\040\000U\000m\000a\000\040\000f\000e\000r\000r\000a\000m\000e\000n\000t\000a\000\040\000g\000e\000n\000\351\000r\000i\000c\000a\000\040\000d\000e\000\040\000m\000a\000n\000i\000p\000u\000l\000a\000\347\000\343\000o\000\040\000d\000e\000\040\000i\000m\000a\000g\000e\000n\000s\000\040\000d\000e\000\040\000d\000i\000s\000q\000u\000e\000t\000e\000\040\000p\000a\000r\000a\000\040\000o\000\040\000M\000A\000M\000E}{chapter.7}% 56
\BOOKMARK [1][-]{section.7.10}{\376\377\000U\000s\000a\000n\000d\000o\000\040\000o\000\040\000F\000l\000o\000p\000t\000o\000o\000l}{chapter.7}% 57
\BOOKMARK [1][-]{section.7.11}{\376\377\000F\000o\000r\000m\000a\000t\000o\000s\000\040\000c\000o\000m\000p\000a\000t\000\355\000v\000e\000i\000s}{chapter.7}% 58
\BOOKMARK [1][-]{section.7.12}{\376\377\000O\000u\000t\000r\000a\000s\000\040\000f\000e\000r\000r\000a\000m\000e\000n\000t\000a\000s\000\040\000q\000u\000e\000\040\000a\000c\000o\000m\000p\000a\000n\000h\000a\000m\000\040\000o\000\040\000M\000A\000M\000E}{chapter.7}% 59
\BOOKMARK [1][-]{section.7.13}{\376\377\000F\000e\000r\000r\000a\000m\000e\000n\000t\000a\000s\000\040\000v\000o\000l\000t\000a\000d\000a\000s\000\040\000a\000o\000\040\000d\000e\000s\000e\000n\000v\000o\000l\000v\000i\000m\000e\000n\000t\000o}{chapter.7}% 60
\BOOKMARK [0][-]{chapter.8}{\376\377\000D\000E\000F\000I\000N\000I\000\307\000\325\000E\000S\000\040\000T\000\311\000C\000N\000I\000C\000A\000S}{}% 61
\BOOKMARK [1][-]{section.8.1}{\376\377\000O\000s\000\040\000a\000r\000q\000u\000i\000v\000o\000s\000\040\000d\000e\000\040\000L\000a\000y\000o\000u\000t\000\040\000d\000o\000\040\000M\000A\000M\000E}{chapter.8}% 62
\BOOKMARK [1][-]{section.8.2}{\376\377\000O\000\040\000d\000i\000s\000p\000o\000s\000i\000t\000i\000v\000o\000\040\000d\000a\000\040\000i\000n\000t\000e\000r\000f\000a\000c\000e\000\040\000d\000e\000\040\000m\000e\000m\000\363\000r\000i\000a}{chapter.8}% 63
\BOOKMARK [1][-]{section.8.3}{\376\377\000O\000\040\000d\000i\000s\000p\000o\000s\000i\000t\000i\000v\000o\000\040\000d\000a\000\040\000i\000n\000t\000e\000r\000f\000a\000c\000e\000\040\000d\000a\000\040\000R\000O\000M}{chapter.8}% 64
\BOOKMARK [1][-]{section.8.4}{\376\377\000O\000\040\000d\000e\000v\000i\000c\000e\000\137\000d\000i\000s\000a\000s\000m\000\137\000i\000n\000t\000e\000r\000f\000a\000c\000e\000\040\000e\000\040\000o\000s\000\040\000d\000e\000s\000m\000o\000n\000t\000a\000d\000o\000r\000e\000s}{chapter.8}% 65
\BOOKMARK [1][-]{section.8.5}{\376\377\000O\000\040\000n\000o\000v\000o\000\040\000s\000u\000b\000s\000i\000s\000t\000e\000m\000a\000\040\000d\000e\000\040\000d\000i\000s\000q\000u\000e\000t\000e}{chapter.8}% 66
\BOOKMARK [1][-]{section.8.6}{\376\377\000O\000\040\000n\000o\000v\000o\000\040\000s\000u\000b\000s\000i\000s\000t\000e\000m\000a\000\040\000S\000C\000S\000I}{chapter.8}% 67
\BOOKMARK [1][-]{section.8.7}{\376\377\000U\000s\000a\000n\000d\000o\000\040\000S\000c\000r\000i\000p\000t\000s\000\040\000L\000U\000A\000\040\000c\000o\000m\000\040\000o\000\040\000M\000A\000M\000E}{chapter.8}% 68
\BOOKMARK [1][-]{section.8.8}{\376\377\000A\000\040\000i\000m\000p\000l\000e\000m\000e\000n\000t\000a\000\347\000\343\000o\000\040\000d\000a\000\040\000n\000o\000v\000a\000\040\000f\000a\000m\000\355\000l\000i\000a\000\040\0006\0005\0000\0002}{chapter.8}% 69
\BOOKMARK [0][-]{chapter.9}{\376\377\000O\000\040\000M\000A\000M\000E\000\040\000E\000\040\000A\000\040\000P\000R\000E\000O\000C\000U\000P\000A\000\307\000\303\000O\000\040\000C\000O\000M\000\040\000A\000\040\000S\000E\000G\000U\000R\000A\000N\000\307\000A}{}% 70
\BOOKMARK [0][-]{chapter.10}{\376\377\000L\000I\000C\000E\000N\000\307\000A}{}% 71
\BOOKMARK [0][-]{chapter.11}{\376\377\000C\000O\000N\000T\000R\000I\000B\000U\000A}{}% 72
